\BOOKMARK [0][-]{chapter.1}{Usage of mdtian}{}% 1
\BOOKMARK [1][-]{section.1.1}{The EMT-parameter file}{chapter.1}% 2
\BOOKMARK [1][-]{section.1.2}{POSCAR}{chapter.1}% 3
\BOOKMARK [1][-]{section.1.3}{The Configuration files}{chapter.1}% 4
\BOOKMARK [1][-]{section.1.4}{The Control File for MD simulations}{chapter.1}% 5
\BOOKMARK [2][-]{subsection.1.4.1}{Fitting Procedure}{section.1.4}% 6
\BOOKMARK [2][-]{subsection.1.4.2}{Surface Annealing}{section.1.4}% 7
\BOOKMARK [2][-]{subsection.1.4.3}{Output files}{section.1.4}% 8
\BOOKMARK [1][-]{section.1.5}{The Propagation}{chapter.1}% 9
\BOOKMARK [2][-]{subsection.1.5.1}{Propagation Algorithms}{section.1.5}% 10
\BOOKMARK [2][-]{subsection.1.5.2}{Disintegration Temperature}{section.1.5}% 11
\BOOKMARK [0][-]{chapter.2}{How to do a fit}{}% 12
\BOOKMARK [1][-]{section.2.1}{Bulk-Calculations}{chapter.2}% 13
\BOOKMARK [2][-]{subsection.2.1.1}{General Procedure}{section.2.1}% 14
\BOOKMARK [1][-]{section.2.2}{Slab-Calculations}{chapter.2}% 15
\BOOKMARK [2][-]{subsection.2.2.1}{KPOINTS}{section.2.2}% 16
\BOOKMARK [2][-]{subsection.2.2.2}{POSCAR}{section.2.2}% 17
\BOOKMARK [2][-]{subsection.2.2.3}{Convergence Tests}{section.2.2}% 18
\BOOKMARK [2][-]{subsection.2.2.4}{Relaxation of the slab}{section.2.2}% 19
\BOOKMARK [1][-]{section.2.3}{Convergence tests on Surface + H calculations}{chapter.2}% 20
\BOOKMARK [2][-]{subsection.2.3.1}{The POSCAR-file}{section.2.3}% 21
\BOOKMARK [2][-]{subsection.2.3.2}{The INCAR-file}{section.2.3}% 22
\BOOKMARK [2][-]{subsection.2.3.3}{Convergence tests}{section.2.3}% 23
\BOOKMARK [2][-]{subsection.2.3.4}{Spin restricted or Spin unrestricted calculations?}{section.2.3}% 24
\BOOKMARK [1][-]{section.2.4}{The Potential Energy Surface}{chapter.2}% 25
\BOOKMARK [2][-]{subsection.2.4.1}{The H-atom-grid}{section.2.4}% 26
\BOOKMARK [2][-]{subsection.2.4.2}{The AIMD-trajectories}{section.2.4}% 27
\BOOKMARK [1][-]{section.2.5}{Fitting the Potential Energy Surface with EMT}{chapter.2}% 28
\BOOKMARK [2][-]{subsection.2.5.1}{The parameters}{section.2.5}% 29
\BOOKMARK [2][-]{subsection.2.5.2}{Performing the fit}{section.2.5}% 30
\BOOKMARK [2][-]{subsection.2.5.3}{After the Fit}{section.2.5}% 31
\BOOKMARK [2][-]{subsection.2.5.4}{Possible issues}{section.2.5}% 32
\BOOKMARK [0][-]{chapter.3}{Skycruizer}{}% 33
\BOOKMARK [0][-]{chapter.4}{Function of the single modules and subroutines}{}% 34
\BOOKMARK [1][-]{section.4.1}{atom\137class}{chapter.4}% 35
\BOOKMARK [1][-]{section.4.2}{dtrnlspbc}{chapter.4}% 36
\BOOKMARK [1][-]{section.4.3}{fit4tian}{chapter.4}% 37
\BOOKMARK [1][-]{section.4.4}{Force}{chapter.4}% 38
\BOOKMARK [1][-]{section.4.5}{md\137init}{chapter.4}% 39
\BOOKMARK [1][-]{section.4.6}{md\137tian}{chapter.4}% 40
\BOOKMARK [1][-]{section.4.7}{mdalgo}{chapter.4}% 41
\BOOKMARK [1][-]{section.4.8}{model and nllsq.f}{chapter.4}% 42
\BOOKMARK [1][-]{section.4.9}{open\137file}{chapter.4}% 43
\BOOKMARK [1][-]{section.4.10}{output}{chapter.4}% 44
\BOOKMARK [1][-]{section.4.11}{useful\137things}{chapter.4}% 45
