This is pdfTeX, Version 3.141592653-2.6-1.40.22 (TeX Live 2022/dev/Debian) (preloaded format=pdflatex 2025.2.11)  21 FEB 2025 07:52
entering extended mode
 restricted \write18 enabled.
 %&-line parsing enabled.
**prodPES.tex
(./prodPES.tex
LaTeX2e <2021-11-15> patch level 1
L3 programming layer <2022-01-21>
(/usr/share/texlive/texmf-dist/tex/latex/base/article.cls
Document Class: article 2021/10/04 v1.4n Standard LaTeX document class
(/usr/share/texlive/texmf-dist/tex/latex/base/size11.clo
File: size11.clo 2021/10/04 v1.4n Standard LaTeX file (size option)
)
\c@part=\count185
\c@section=\count186
\c@subsection=\count187
\c@subsubsection=\count188
\c@paragraph=\count189
\c@subparagraph=\count190
\c@figure=\count191
\c@table=\count192
\abovecaptionskip=\skip47
\belowcaptionskip=\skip48
\bibindent=\dimen138
)
(/usr/share/texlive/texmf-dist/tex/latex/graphics/graphicx.sty
Package: graphicx 2021/09/16 v1.2d Enhanced LaTeX Graphics (DPC,SPQR)

(/usr/share/texlive/texmf-dist/tex/latex/graphics/keyval.sty
Package: keyval 2014/10/28 v1.15 key=value parser (DPC)
\KV@toks@=\toks16
)
(/usr/share/texlive/texmf-dist/tex/latex/graphics/graphics.sty
Package: graphics 2021/03/04 v1.4d Standard LaTeX Graphics (DPC,SPQR)

(/usr/share/texlive/texmf-dist/tex/latex/graphics/trig.sty
Package: trig 2021/08/11 v1.11 sin cos tan (DPC)
)
(/usr/share/texlive/texmf-dist/tex/latex/graphics-cfg/graphics.cfg
File: graphics.cfg 2016/06/04 v1.11 sample graphics configuration
)
Package graphics Info: Driver file: pdftex.def on input line 107.

(/usr/share/texlive/texmf-dist/tex/latex/graphics-def/pdftex.def
File: pdftex.def 2020/10/05 v1.2a Graphics/color driver for pdftex
))
\Gin@req@height=\dimen139
\Gin@req@width=\dimen140
)
(/usr/share/texlive/texmf-dist/tex/latex/tools/dcolumn.sty
Package: dcolumn 2014/10/28 v1.06 decimal alignment package (DPC)

(/usr/share/texlive/texmf-dist/tex/latex/tools/array.sty
Package: array 2021/10/04 v2.5f Tabular extension package (FMi)
\col@sep=\dimen141
\ar@mcellbox=\box50
\extrarowheight=\dimen142
\NC@list=\toks17
\extratabsurround=\skip49
\backup@length=\skip50
\ar@cellbox=\box51
))
(/usr/share/texlive/texmf-dist/tex/latex/tools/bm.sty
Package: bm 2021/04/25 v1.2e Bold Symbol Support (DPC/FMi)
\symboldoperators=\mathgroup4
\symboldletters=\mathgroup5
\symboldsymbols=\mathgroup6
Package bm Info: No bold for \OMX/cmex/m/n, using \pmb.
LaTeX Font Info:    Redeclaring math alphabet \mathbf on input line 149.
)
(/usr/share/texlive/texmf-dist/tex/generic/babel/babel.sty
Package: babel 2022/01/26 3.70 The Babel package
\babel@savecnt=\count193
\U@D=\dimen143
\l@unhyphenated=\language87

(/usr/share/texlive/texmf-dist/tex/generic/babel/txtbabel.def)
\bbl@readstream=\read2
\bbl@dirlevel=\count194

(/usr/share/texlive/texmf-dist/tex/generic/babel-english/english.ldf
Language: english 2017/06/06 v3.3r English support from the babel system
Package babel Info: Hyphen rules for 'canadian' set to \l@english
(babel)             (\language0). Reported on input line 102.
Package babel Info: Hyphen rules for 'australian' set to \l@ukenglish
(babel)             (\language25). Reported on input line 105.
Package babel Info: Hyphen rules for 'newzealand' set to \l@ukenglish
(babel)             (\language25). Reported on input line 108.
))
(/usr/share/texlive/texmf-dist/tex/latex/base/inputenc.sty
Package: inputenc 2021/02/14 v1.3d Input encoding file
\inpenc@prehook=\toks18
\inpenc@posthook=\toks19
)
(/usr/share/texlive/texmf-dist/tex/latex/natbib/natbib.sty
Package: natbib 2010/09/13 8.31b (PWD, AO)
\bibhang=\skip51
\bibsep=\skip52
LaTeX Info: Redefining \cite on input line 694.
\c@NAT@ctr=\count195
)
(/usr/share/texlive/texmf-dist/tex/latex/amsfonts/amsfonts.sty
Package: amsfonts 2013/01/14 v3.01 Basic AMSFonts support
\@emptytoks=\toks20
\symAMSa=\mathgroup7
\symAMSb=\mathgroup8
LaTeX Font Info:    Redeclaring math symbol \hbar on input line 98.
LaTeX Font Info:    Overwriting math alphabet `\mathfrak' in version `bold'
(Font)                  U/euf/m/n --> U/euf/b/n on input line 106.
)
(/usr/share/texlive/texmf-dist/tex/latex/amsmath/amsmath.sty
Package: amsmath 2021/10/15 v2.17l AMS math features
\@mathmargin=\skip53

For additional information on amsmath, use the `?' option.
(/usr/share/texlive/texmf-dist/tex/latex/amsmath/amstext.sty
Package: amstext 2021/08/26 v2.01 AMS text

(/usr/share/texlive/texmf-dist/tex/latex/amsmath/amsgen.sty
File: amsgen.sty 1999/11/30 v2.0 generic functions
\@emptytoks=\toks21
\ex@=\dimen144
))
(/usr/share/texlive/texmf-dist/tex/latex/amsmath/amsbsy.sty
Package: amsbsy 1999/11/29 v1.2d Bold Symbols
LaTeX Info: Redefining \boldsymbol on input line 28.
\pmbraise@=\dimen145
)
(/usr/share/texlive/texmf-dist/tex/latex/amsmath/amsopn.sty
Package: amsopn 2021/08/26 v2.02 operator names
)
\inf@bad=\count196
LaTeX Info: Redefining \frac on input line 234.
\uproot@=\count197
\leftroot@=\count198
LaTeX Info: Redefining \overline on input line 399.
\classnum@=\count199
\DOTSCASE@=\count266
LaTeX Info: Redefining \ldots on input line 496.
LaTeX Info: Redefining \dots on input line 499.
LaTeX Info: Redefining \cdots on input line 620.
\Mathstrutbox@=\box52
\strutbox@=\box53
\big@size=\dimen146
LaTeX Font Info:    Redeclaring font encoding OML on input line 743.
LaTeX Font Info:    Redeclaring font encoding OMS on input line 744.
\macc@depth=\count267
\c@MaxMatrixCols=\count268
\dotsspace@=\muskip16
\c@parentequation=\count269
\dspbrk@lvl=\count270
\tag@help=\toks22
\row@=\count271
\column@=\count272
\maxfields@=\count273
\andhelp@=\toks23
\eqnshift@=\dimen147
\alignsep@=\dimen148
\tagshift@=\dimen149
\tagwidth@=\dimen150
\totwidth@=\dimen151
\lineht@=\dimen152
\@envbody=\toks24
\multlinegap=\skip54
\multlinetaggap=\skip55
\mathdisplay@stack=\toks25
LaTeX Info: Redefining \[ on input line 2938.
LaTeX Info: Redefining \] on input line 2939.
)
(/usr/share/texlive/texmf-dist/tex/latex/cancel/cancel.sty
Package: cancel 2013/04/12 v2.2 Cancel math terms
)
(/usr/share/texlive/texmf-dist/tex/latex/mathcomp/mathcomp.sty
Package: mathcomp 2001/01/07 v0.1f (TBo)

(/usr/share/texlive/texmf-dist/tex/latex/base/textcomp.sty
Package: textcomp 2020/02/02 v2.0n Standard LaTeX package
)
\symTC=\mathgroup9
LaTeX Font Info:    Overwriting symbol font `TC' in version `bold'
(Font)                  TS1/cmr/m/n --> TS1/cmr/bx/n on input line 25.
LaTeX Font Info:    Redeclaring math symbol \dagger on input line 47.
LaTeX Font Info:    Redeclaring math symbol \ddagger on input line 48.
)
(/usr/share/texlive/texmf-dist/tex/latex/l3backend/l3backend-pdftex.def
File: l3backend-pdftex.def 2022-01-12 L3 backend support: PDF output (pdfTeX)
\l__color_backend_stack_int=\count274
\l__pdf_internal_box=\box54
)

LaTeX Warning: Unused global option(s):
    [captions,headsepline].

No file prodPES.aux.
\openout1 = `prodPES.aux'.

LaTeX Font Info:    Checking defaults for OML/cmm/m/it on input line 24.
LaTeX Font Info:    ... okay on input line 24.
LaTeX Font Info:    Checking defaults for OMS/cmsy/m/n on input line 24.
LaTeX Font Info:    ... okay on input line 24.
LaTeX Font Info:    Checking defaults for OT1/cmr/m/n on input line 24.
LaTeX Font Info:    ... okay on input line 24.
LaTeX Font Info:    Checking defaults for T1/cmr/m/n on input line 24.
LaTeX Font Info:    ... okay on input line 24.
LaTeX Font Info:    Checking defaults for TS1/cmr/m/n on input line 24.
LaTeX Font Info:    ... okay on input line 24.
LaTeX Font Info:    Checking defaults for OMX/cmex/m/n on input line 24.
LaTeX Font Info:    ... okay on input line 24.
LaTeX Font Info:    Checking defaults for U/cmr/m/n on input line 24.
LaTeX Font Info:    ... okay on input line 24.
(/usr/share/texlive/texmf-dist/tex/context/base/mkii/supp-pdf.mkii
[Loading MPS to PDF converter (version 2006.09.02).]
\scratchcounter=\count275
\scratchdimen=\dimen153
\scratchbox=\box55
\nofMPsegments=\count276
\nofMParguments=\count277
\everyMPshowfont=\toks26
\MPscratchCnt=\count278
\MPscratchDim=\dimen154
\MPnumerator=\count279
\makeMPintoPDFobject=\count280
\everyMPtoPDFconversion=\toks27
) (/usr/share/texlive/texmf-dist/tex/latex/epstopdf-pkg/epstopdf-base.sty
Package: epstopdf-base 2020-01-24 v2.11 Base part for package epstopdf
Package epstopdf-base Info: Redefining graphics rule for `.eps' on input line 4
85.

(/usr/share/texlive/texmf-dist/tex/latex/latexconfig/epstopdf-sys.cfg
File: epstopdf-sys.cfg 2010/07/13 v1.3 Configuration of (r)epstopdf for TeX Liv
e
))
LaTeX Font Info:    Trying to load font information for U+msa on input line 25.


(/usr/share/texlive/texmf-dist/tex/latex/amsfonts/umsa.fd
File: umsa.fd 2013/01/14 v3.01 AMS symbols A
)
LaTeX Font Info:    Trying to load font information for U+msb on input line 25.


(/usr/share/texlive/texmf-dist/tex/latex/amsfonts/umsb.fd
File: umsb.fd 2013/01/14 v3.01 AMS symbols B
)

LaTeX Warning: No \author given.


Underfull \hbox (badness 10000) in paragraph at lines 34--43

 []

[1

{/var/lib/texmf/fonts/map/pdftex/updmap/pdftex.map}]

LaTeX Warning: `!h' float specifier changed to `!ht'.


LaTeX Warning: Reference `bposcar' on page 2 undefined on input line 58.


LaTeX Warning: Reference `bposcar' on page 2 undefined on input line 58.


LaTeX Warning: `!h' float specifier changed to `!ht'.


LaTeX Warning: Reference `bkp' on page 2 undefined on input line 71.


Underfull \hbox (badness 10000) in paragraph at lines 71--72

 []

[2]

LaTeX Warning: Reference `bposcar' on page 3 undefined on input line 73.


LaTeX Warning: Reference `bkp' on page 3 undefined on input line 74.


LaTeX Warning: Reference `bposcar' on page 3 undefined on input line 74.


LaTeX Warning: Reference `bincar1' on page 3 undefined on input line 78.


LaTeX Warning: Reference `boutcar1' on page 3 undefined on input line 103.


LaTeX Warning: Reference `boutcar1' on page 3 undefined on input line 104.


LaTeX Warning: Reference `bposcar' on page 3 undefined on input line 104.


Overfull \hbox (28.39764pt too wide) in paragraph at lines 119--119
[] \OT1/cmtt/m/n/10.95 --------------------------------------------------------
---------------------[] 
 []


Overfull \hbox (62.88977pt too wide) in paragraph at lines 119--119
[]     \OT1/cmtt/m/n/10.95 2.055159357  2.055159357  0.000000000     0.24329013
6  0.243290136 -0.243290136[] 
 []


Overfull \hbox (62.88977pt too wide) in paragraph at lines 119--119
[]     \OT1/cmtt/m/n/10.95 0.000000000  2.055159357  2.055159357    -0.24329013
6  0.243290136  0.243290136[] 
 []


Overfull \hbox (62.88977pt too wide) in paragraph at lines 119--119
[]     \OT1/cmtt/m/n/10.95 2.055159357  0.000000000  2.055159357     0.24329013
6 -0.243290136  0.243290136[] 
 []


Overfull \hbox (62.88977pt too wide) in paragraph at lines 119--119
[]     \OT1/cmtt/m/n/10.95 2.906434236  2.906434236  2.906434236     0.42139087
7  0.421390877  0.421390877[] 
 []


Underfull \hbox (badness 10000) in paragraph at lines 78--124

 []

[3] [4]

LaTeX Warning: Reference `bincar2' on page 5 undefined on input line 125.


LaTeX Warning: `!h' float specifier changed to `!ht'.


LaTeX Warning: Reference `ent1' on page 5 undefined on input line 148.


Overfull \hbox (51.3924pt too wide) in paragraph at lines 165--165
[]  \OT1/cmtt/m/n/10.95 energy without entropy =       -1.63684238  energy(sigm
a->0) =       -1.63685664[] 
 []

[5]

LaTeX Warning: `!h' float specifier changed to `!ht'.

[6]

LaTeX Warning: Reference `slabkp' on page 7 undefined on input line 175.

[7]

LaTeX Warning: Reference `bposcar' on page 8 undefined on input line 206.


LaTeX Warning: Reference `spos' on page 8 undefined on input line 206.

[8]

LaTeX Warning: Reference `spos' on page 9 undefined on input line 217.


LaTeX Warning: Reference `spos' on page 9 undefined on input line 221.


LaTeX Warning: Reference `spos' on page 9 undefined on input line 223.


Underfull \hbox (badness 10000) in paragraph at lines 220--224

 []

[9]

LaTeX Warning: Reference `bulk' on page 10 undefined on input line 232.


LaTeX Warning: Reference `slabincar1' on page 10 undefined on input line 234.


LaTeX Warning: Reference `ent1' on page 10 undefined on input line 258.


LaTeX Warning: Reference `spos' on page 10 undefined on input line 259.


Underfull \hbox (badness 10000) in paragraph at lines 225--260

 []

[10] [11]

LaTeX Warning: Reference `slabincar1' on page 12 undefined on input line 262.


LaTeX Warning: Reference `spos' on page 12 undefined on input line 262.


LaTeX Warning: Reference `sconv' on page 12 undefined on input line 263.


Overfull \hbox (177.86353pt too wide) in paragraph at lines 293--293
[]\OT1/cmtt/m/n/10.95 ---------------------------------------------------------
-----------------------------------------------[] 
 []


LaTeX Warning: Reference `contcar' on page 12 undefined on input line 298.


LaTeX Warning: `!h' float specifier changed to `!ht'.


LaTeX Warning: `!h' float specifier changed to `!ht'.


LaTeX Warning: Reference `slab' on page 12 undefined on input line 331.


LaTeX Warning: Reference `cpos' on page 12 undefined on input line 332.


LaTeX Warning: Reference `cpos' on page 12 undefined on input line 333.


LaTeX Warning: Float too large for page by 19.37433pt on input line 372.


Underfull \hbox (badness 10000) in paragraph at lines 331--374

 []

[12] [13] [14]

LaTeX Warning: `!h' float specifier changed to `!ht'.


Overfull \hbox (5.4029pt too wide) in paragraph at lines 397--397
[]   \OT1/cmtt/m/n/10.95 LWAVE = .FALSE. ! Don't print the WAVECAR, they waste 
memory space here[] 
 []


Overfull \hbox (22.64896pt too wide) in paragraph at lines 397--397
[]   \OT1/cmtt/m/n/10.95 LCHARG = .FALSE. ! Don't print the CHG-files, they was
te memory space here[] 
 []


LaTeX Warning: `!h' float specifier changed to `!ht'.


Underfull \hbox (badness 10000) in paragraph at lines 401--403

 []


LaTeX Warning: Reference `boutcar1' on page 15 undefined on input line 412.


Underfull \hbox (badness 10000) in paragraph at lines 404--415

 []

[15]

LaTeX Warning: Reference `surfacesites' on page 16 undefined on input line 418.


<SurfaceSites.pdf, id=64, 416.55624pt x 380.42125pt>
File: SurfaceSites.pdf Graphic file (type pdf)
<use SurfaceSites.pdf>
Package pdftex.def Info: SurfaceSites.pdf  used on input line 421.
(pdftex.def)             Requested size: 293.99872pt x 268.51045pt.

LaTeX Warning: Reference `calsusi' on page 16 undefined on input line 425.


LaTeX Warning: `!h' float specifier changed to `!ht'.


LaTeX Warning: `!h' float specifier changed to `!ht'.

[16]

Package natbib Warning: Citation `jacobsen96' on page 17 undefined on input lin
e 454.


Package natbib Warning: Citation `emt80' on page 17 undefined on input line 454
.


Package natbib Warning: Citation `emt82' on page 17 undefined on input line 454
.


Package natbib Warning: Citation `emt87' on page 17 undefined on input line 454
.


Underfull \hbox (badness 10000) in paragraph at lines 463--466

 []

[17]
Underfull \hbox (badness 10000) in paragraph at lines 468--470

 []


Underfull \hbox (badness 10000) in paragraph at lines 473--476

 []


Package natbib Warning: Citation `strom98' on page 18 undefined on input line 4
99.


Package natbib Warning: Citation `wigner35' on page 18 undefined on input line 
500.


! LaTeX Error: Unknown float option `H'.

See the LaTeX manual or LaTeX Companion for explanation.
Type  H <return>  for immediate help.
 ...                                              
                                                  
l.502 \begin{figure}[H!!!]
                          
? 

LaTeX Warning: `!h' float specifier changed to `!ht'.

[18]

! LaTeX Error: Unknown float option `H'.

See the LaTeX manual or LaTeX Companion for explanation.
Type  H <return>  for immediate help.
 ...                                              
                                                  
l.516 \begin{figure}[H!!!]
                          
? 

LaTeX Warning: Reference `Mdtianfit' on page 19 undefined on input line 532.


LaTeX Warning: Reference `nopar' on page 19 undefined on input line 536.


Overfull \hbox (4.15071pt too wide) in paragraph at lines 532--556
\OT1/cmr/m/n/10.95 `aimd' con-trols the AIMD-contribution. The flag is fol-lowe
d by the num-ber of Equilibrium-
 []


Underfull \hbox (badness 10000) in paragraph at lines 532--556

 []

[19] [20]

LaTeX Warning: Reference `c44' on page 21 undefined on input line 563.


Underfull \hbox (badness 10000) in paragraph at lines 563--566

 []

[21]

LaTeX Warning: Reference `zeta' on page 22 undefined on input line 570.


Package natbib Warning: Citation `hildenbrand62' on page 22 undefined on input 
line 579.


Package natbib Warning: Citation `kant79' on page 22 undefined on input line 57
9.


Package natbib Warning: Citation `kant79' on page 22 undefined on input line 58
0.


Package natbib Warning: Citation `kant79' on page 22 undefined on input line 58
1.


Package natbib Warning: Citation `kant79' on page 22 undefined on input line 58
2.


Underfull \hbox (badness 10000) in paragraph at lines 588--590

 []

No file prodPES.bbl.

Package natbib Warning: There were undefined citations.

[22] [23] [24] [25 <./SurfaceSites.pdf>] [26] (./prodPES.aux)

LaTeX Warning: There were undefined references.


LaTeX Warning: Label(s) may have changed. Rerun to get cross-references right.

 ) 
Here is how much of TeX's memory you used:
 3777 strings out of 478287
 59652 string characters out of 5849289
 386099 words of memory out of 5000000
 21922 multiletter control sequences out of 15000+600000
 482214 words of font info for 74 fonts, out of 8000000 for 9000
 1141 hyphenation exceptions out of 8191
 55i,13n,62p,1099b,251s stack positions out of 5000i,500n,10000p,200000b,80000s
</usr/share/texlive/texmf-dist/fonts/type1/public/amsfonts/cm/cmbx10.pfb></us
r/share/texlive/texmf-dist/fonts/type1/public/amsfonts/cm/cmbx12.pfb></usr/shar
e/texlive/texmf-dist/fonts/type1/public/amsfonts/cm/cmex10.pfb></usr/share/texl
ive/texmf-dist/fonts/type1/public/amsfonts/cm/cmmi10.pfb></usr/share/texlive/te
xmf-dist/fonts/type1/public/amsfonts/cm/cmmi6.pfb></usr/share/texlive/texmf-dis
t/fonts/type1/public/amsfonts/cm/cmmi8.pfb></usr/share/texlive/texmf-dist/fonts
/type1/public/amsfonts/cm/cmr10.pfb></usr/share/texlive/texmf-dist/fonts/type1/
public/amsfonts/cm/cmr12.pfb></usr/share/texlive/texmf-dist/fonts/type1/public/
amsfonts/cm/cmr17.pfb></usr/share/texlive/texmf-dist/fonts/type1/public/amsfont
s/cm/cmr6.pfb></usr/share/texlive/texmf-dist/fonts/type1/public/amsfonts/cm/cmr
8.pfb></usr/share/texlive/texmf-dist/fonts/type1/public/amsfonts/cm/cmsy10.pfb>
</usr/share/texlive/texmf-dist/fonts/type1/public/amsfonts/cm/cmsy6.pfb></usr/s
hare/texlive/texmf-dist/fonts/type1/public/amsfonts/cm/cmsy8.pfb></usr/share/te
xlive/texmf-dist/fonts/type1/public/amsfonts/cm/cmti10.pfb></usr/share/texlive/
texmf-dist/fonts/type1/public/amsfonts/cm/cmtt10.pfb>
Output written on prodPES.pdf (26 pages, 412625 bytes).
PDF statistics:
 173 PDF objects out of 1000 (max. 8388607)
 109 compressed objects within 2 object streams
 0 named destinations out of 1000 (max. 500000)
 6 words of extra memory for PDF output out of 10000 (max. 10000000)

